2026-05-13 14:05:50 - ===========================================
2026-05-13 14:05:50 - Starting ResNet50 Baseline Training on cuda
2026-05-13 14:05:50 - ===========================================
2026-05-13 14:05:50 - Loaded 4000 Train images and 1000 Val images.
2026-05-13 14:06:52 - Epoch [01/50] Train Loss: 0.6162 Acc: 76.28% | Val Loss: 0.3585 Acc: 86.90%
2026-05-13 14:06:52 -  >>> New best model saved to 研究拓展/CLIP/原始模型/ResNet50/checkpoints/resnet50_baseline_best.pth (Acc: 86.90%)
2026-05-13 14:07:45 - Epoch [02/50] Train Loss: 0.3169 Acc: 88.45% | Val Loss: 0.3891 Acc: 86.50%
2026-05-13 14:08:38 - Epoch [03/50] Train Loss: 0.2033 Acc: 92.95% | Val Loss: 0.4322 Acc: 85.10%
2026-05-13 14:09:31 - Epoch [04/50] Train Loss: 0.1328 Acc: 95.05% | Val Loss: 0.4306 Acc: 85.10%
2026-05-13 14:10:24 - Epoch [05/50] Train Loss: 0.0874 Acc: 97.30% | Val Loss: 0.5324 Acc: 85.10%
2026-05-13 14:11:25 - Epoch [06/50] Train Loss: 0.0731 Acc: 97.85% | Val Loss: 0.4550 Acc: 88.20%
2026-05-13 14:11:27 -  >>> New best model saved to 研究拓展/CLIP/原始模型/ResNet50/checkpoints/resnet50_baseline_best.pth (Acc: 88.20%)
2026-05-13 14:12:32 - Epoch [07/50] Train Loss: 0.0873 Acc: 97.00% | Val Loss: 0.4545 Acc: 86.40%
2026-05-13 14:13:25 - Epoch [08/50] Train Loss: 0.0549 Acc: 98.15% | Val Loss: 0.4028 Acc: 88.10%
2026-05-13 14:14:37 - Epoch [09/50] Train Loss: 0.0568 Acc: 98.03% | Val Loss: 0.5001 Acc: 86.40%
2026-05-13 14:15:32 - Epoch [10/50] Train Loss: 0.0469 Acc: 98.72% | Val Loss: 0.3783 Acc: 88.30%
2026-05-13 14:15:34 -  >>> New best model saved to 研究拓展/CLIP/原始模型/ResNet50/checkpoints/resnet50_baseline_best.pth (Acc: 88.30%)
2026-05-13 14:16:28 - Epoch [11/50] Train Loss: 0.0462 Acc: 98.60% | Val Loss: 0.5319 Acc: 85.40%
2026-05-13 14:17:20 - Epoch [12/50] Train Loss: 0.0488 Acc: 98.40% | Val Loss: 0.4056 Acc: 87.90%
2026-05-13 14:18:20 - Epoch [13/50] Train Loss: 0.0403 Acc: 98.72% | Val Loss: 0.4435 Acc: 87.00%
2026-05-13 14:19:28 - Epoch [14/50] Train Loss: 0.0582 Acc: 98.08% | Val Loss: 0.5949 Acc: 84.10%
2026-05-13 14:20:21 - Epoch [15/50] Train Loss: 0.0384 Acc: 98.85% | Val Loss: 0.4665 Acc: 88.20%
2026-05-13 14:21:16 - Epoch [16/50] Train Loss: 0.0273 Acc: 99.00% | Val Loss: 0.4776 Acc: 87.60%
2026-05-13 14:22:10 - Epoch [17/50] Train Loss: 0.0276 Acc: 99.17% | Val Loss: 0.4859 Acc: 87.40%
2026-05-13 14:23:04 - Epoch [18/50] Train Loss: 0.0197 Acc: 99.45% | Val Loss: 0.4788 Acc: 87.10%
2026-05-13 14:24:05 - Epoch [19/50] Train Loss: 0.0218 Acc: 99.33% | Val Loss: 0.5783 Acc: 85.50%
2026-05-13 14:25:11 - Epoch [20/50] Train Loss: 0.0495 Acc: 98.40% | Val Loss: 0.7367 Acc: 84.10%
2026-05-13 14:26:04 - Epoch [21/50] Train Loss: 0.0769 Acc: 97.80% | Val Loss: 0.5813 Acc: 84.80%
2026-05-13 14:26:59 - Epoch [22/50] Train Loss: 0.0499 Acc: 98.50% | Val Loss: 0.5356 Acc: 84.80%
2026-05-13 14:27:52 - Epoch [23/50] Train Loss: 0.0223 Acc: 99.20% | Val Loss: 0.6488 Acc: 83.70%
2026-05-13 14:28:48 - Epoch [24/50] Train Loss: 0.0202 Acc: 99.40% | Val Loss: 0.5223 Acc: 85.90%
2026-05-13 14:29:42 - Epoch [25/50] Train Loss: 0.0155 Acc: 99.45% | Val Loss: 0.5099 Acc: 85.60%
2026-05-13 14:30:40 - Epoch [26/50] Train Loss: 0.0142 Acc: 99.70% | Val Loss: 0.6064 Acc: 86.30%
2026-05-13 14:31:48 - Epoch [27/50] Train Loss: 0.0063 Acc: 99.90% | Val Loss: 0.5459 Acc: 86.20%
2026-05-13 14:32:41 - Epoch [28/50] Train Loss: 0.0263 Acc: 99.10% | Val Loss: 0.6742 Acc: 85.10%
2026-05-13 14:33:35 - Epoch [29/50] Train Loss: 0.0287 Acc: 98.97% | Val Loss: 0.4958 Acc: 87.40%
2026-05-13 14:34:28 - Epoch [30/50] Train Loss: 0.0183 Acc: 99.53% | Val Loss: 0.4616 Acc: 87.70%
2026-05-13 14:35:25 - Epoch [31/50] Train Loss: 0.0059 Acc: 99.85% | Val Loss: 0.4829 Acc: 88.20%
2026-05-13 14:36:25 - Epoch [32/50] Train Loss: 0.0235 Acc: 99.22% | Val Loss: 0.5076 Acc: 86.90%
2026-05-13 14:37:33 - Epoch [33/50] Train Loss: 0.0316 Acc: 98.78% | Val Loss: 0.7189 Acc: 85.70%
2026-05-13 14:38:27 - Epoch [34/50] Train Loss: 0.0598 Acc: 98.03% | Val Loss: 0.5850 Acc: 85.80%
2026-05-13 14:39:23 - Epoch [35/50] Train Loss: 0.0293 Acc: 99.05% | Val Loss: 0.5127 Acc: 87.20%
2026-05-13 14:40:16 - Epoch [36/50] Train Loss: 0.0156 Acc: 99.47% | Val Loss: 0.6204 Acc: 85.40%
2026-05-13 14:41:11 - Epoch [37/50] Train Loss: 0.0281 Acc: 98.97% | Val Loss: 0.5895 Acc: 85.20%
2026-05-13 14:42:06 - Epoch [38/50] Train Loss: 0.0156 Acc: 99.60% | Val Loss: 0.5472 Acc: 86.00%
2026-05-13 14:43:03 - Epoch [39/50] Train Loss: 0.0129 Acc: 99.58% | Val Loss: 0.6923 Acc: 84.50%
2026-05-13 14:44:11 - Epoch [40/50] Train Loss: 0.0258 Acc: 99.28% | Val Loss: 0.6445 Acc: 85.40%
2026-05-13 14:45:03 - Epoch [41/50] Train Loss: 0.0165 Acc: 99.40% | Val Loss: 0.5097 Acc: 88.10%
2026-05-13 14:45:57 - Epoch [42/50] Train Loss: 0.0076 Acc: 99.85% | Val Loss: 0.5053 Acc: 87.30%
2026-05-13 14:46:52 - Epoch [43/50] Train Loss: 0.0188 Acc: 99.50% | Val Loss: 0.6326 Acc: 84.90%
2026-05-13 14:47:48 - Epoch [44/50] Train Loss: 0.0347 Acc: 98.75% | Val Loss: 0.5408 Acc: 86.60%
2026-05-13 14:48:46 - Epoch [45/50] Train Loss: 0.0242 Acc: 99.22% | Val Loss: 0.4906 Acc: 87.00%
2026-05-13 14:49:54 - Epoch [46/50] Train Loss: 0.0173 Acc: 99.65% | Val Loss: 0.5176 Acc: 86.40%
2026-05-13 14:50:48 - Epoch [47/50] Train Loss: 0.0154 Acc: 99.58% | Val Loss: 0.5019 Acc: 86.40%
2026-05-13 14:51:41 - Epoch [48/50] Train Loss: 0.0121 Acc: 99.70% | Val Loss: 0.5360 Acc: 86.90%
2026-05-13 14:52:36 - Epoch [49/50] Train Loss: 0.0062 Acc: 99.88% | Val Loss: 0.4579 Acc: 88.40%
2026-05-13 14:52:37 -  >>> New best model saved to 研究拓展/CLIP/原始模型/ResNet50/checkpoints/resnet50_baseline_best.pth (Acc: 88.40%)
2026-05-13 14:53:32 - Epoch [50/50] Train Loss: 0.0026 Acc: 99.97% | Val Loss: 0.5773 Acc: 86.20%
