2026-05-20 10:59:35 - ===========================================
2026-05-20 10:59:35 - Starting Dual-Teacher Distillation on cuda
2026-05-20 10:59:35 - Alpha(CE): 0.5, Beta(KD): 0.5, Temp: 4.0
2026-05-20 10:59:35 - ===========================================
2026-05-20 10:59:35 - Loading Teacher Model...
2026-05-20 10:59:50 - Loading Student Model (MobileNetV3-Small)...
2026-05-20 11:00:42 - Epoch [01/50] Train Acc: 65.35% (CE: 0.9049, KD: 7.7877) | Val Loss: 1.3294 Acc: 60.90%
2026-05-20 11:00:42 -  >>> New best KD model saved to 研究拓展/CLIP+ResNet/KD_MobileNetV3/原始模型/MobileNetV3/checkpoints/(Acc_60.90%)_kd_mobilenetv3_best.pth (Acc: 60.90%)
2026-05-20 11:01:35 - Epoch [02/50] Train Acc: 82.72% (CE: 0.5380, KD: 3.5112) | Val Loss: 0.4932 Acc: 85.90%
2026-05-20 11:01:35 -  >>> New best KD model saved to 研究拓展/CLIP+ResNet/KD_MobileNetV3/原始模型/MobileNetV3/checkpoints/(Acc_85.90%)_kd_mobilenetv3_best.pth (Acc: 85.90%)
2026-05-20 11:02:27 - Epoch [03/50] Train Acc: 86.85% (CE: 0.4244, KD: 2.7938) | Val Loss: 0.4575 Acc: 87.40%
2026-05-20 11:02:28 -  >>> New best KD model saved to 研究拓展/CLIP+ResNet/KD_MobileNetV3/原始模型/MobileNetV3/checkpoints/(Acc_87.40%)_kd_mobilenetv3_best.pth (Acc: 87.40%)
2026-05-20 11:03:19 - Epoch [04/50] Train Acc: 88.97% (CE: 0.3501, KD: 2.3562) | Val Loss: 0.4216 Acc: 88.10%
2026-05-20 11:03:20 -  >>> New best KD model saved to 研究拓展/CLIP+ResNet/KD_MobileNetV3/原始模型/MobileNetV3/checkpoints/(Acc_88.10%)_kd_mobilenetv3_best.pth (Acc: 88.10%)
2026-05-20 11:04:12 - Epoch [05/50] Train Acc: 91.70% (CE: 0.2608, KD: 1.9427) | Val Loss: 0.4338 Acc: 88.00%
2026-05-20 11:05:04 - Epoch [06/50] Train Acc: 93.33% (CE: 0.2020, KD: 1.6636) | Val Loss: 0.5265 Acc: 86.30%
2026-05-20 11:05:56 - Epoch [07/50] Train Acc: 94.60% (CE: 0.1598, KD: 1.4551) | Val Loss: 0.4691 Acc: 87.90%
2026-05-20 11:06:49 - Epoch [08/50] Train Acc: 95.25% (CE: 0.1498, KD: 1.3265) | Val Loss: 0.4400 Acc: 87.50%
2026-05-20 11:07:41 - Epoch [09/50] Train Acc: 96.28% (CE: 0.1059, KD: 1.1849) | Val Loss: 0.4767 Acc: 88.30%
2026-05-20 11:07:41 -  >>> New best KD model saved to 研究拓展/CLIP+ResNet/KD_MobileNetV3/原始模型/MobileNetV3/checkpoints/(Acc_88.30%)_kd_mobilenetv3_best.pth (Acc: 88.30%)
2026-05-20 11:08:34 - Epoch [10/50] Train Acc: 97.05% (CE: 0.0825, KD: 1.0559) | Val Loss: 0.5075 Acc: 87.20%
2026-05-20 11:09:27 - Epoch [11/50] Train Acc: 97.40% (CE: 0.0727, KD: 0.9544) | Val Loss: 0.5439 Acc: 86.70%
2026-05-20 11:10:18 - Epoch [12/50] Train Acc: 97.47% (CE: 0.0707, KD: 0.9178) | Val Loss: 0.5002 Acc: 88.10%
2026-05-20 11:11:11 - Epoch [13/50] Train Acc: 98.58% (CE: 0.0409, KD: 0.7715) | Val Loss: 0.5548 Acc: 86.80%
2026-05-20 11:12:04 - Epoch [14/50] Train Acc: 98.42% (CE: 0.0457, KD: 0.7470) | Val Loss: 0.5279 Acc: 86.70%
2026-05-20 11:12:57 - Epoch [15/50] Train Acc: 98.80% (CE: 0.0319, KD: 0.6638) | Val Loss: 0.5149 Acc: 87.40%
2026-05-20 11:13:49 - Epoch [16/50] Train Acc: 98.92% (CE: 0.0323, KD: 0.6247) | Val Loss: 0.5152 Acc: 87.80%
2026-05-20 11:14:40 - Epoch [17/50] Train Acc: 99.17% (CE: 0.0204, KD: 0.5630) | Val Loss: 0.5355 Acc: 87.80%
2026-05-20 11:15:32 - Epoch [18/50] Train Acc: 99.12% (CE: 0.0238, KD: 0.5708) | Val Loss: 0.4853 Acc: 88.80%
2026-05-20 11:15:32 -  >>> New best KD model saved to 研究拓展/CLIP+ResNet/KD_MobileNetV3/原始模型/MobileNetV3/checkpoints/(Acc_88.80%)_kd_mobilenetv3_best.pth (Acc: 88.80%)
2026-05-20 11:16:25 - Epoch [19/50] Train Acc: 99.33% (CE: 0.0202, KD: 0.5298) | Val Loss: 0.5643 Acc: 87.10%
2026-05-20 11:17:18 - Epoch [20/50] Train Acc: 99.70% (CE: 0.0107, KD: 0.4479) | Val Loss: 0.5691 Acc: 86.00%
2026-05-20 11:18:10 - Epoch [21/50] Train Acc: 99.55% (CE: 0.0174, KD: 0.4728) | Val Loss: 0.5948 Acc: 86.30%
2026-05-20 11:19:03 - Epoch [22/50] Train Acc: 99.42% (CE: 0.0167, KD: 0.4459) | Val Loss: 0.5309 Acc: 86.90%
2026-05-20 11:19:54 - Epoch [23/50] Train Acc: 99.58% (CE: 0.0113, KD: 0.4200) | Val Loss: 0.5477 Acc: 87.20%
2026-05-20 11:20:46 - Epoch [24/50] Train Acc: 99.60% (CE: 0.0122, KD: 0.4114) | Val Loss: 0.5432 Acc: 87.50%
2026-05-20 11:21:37 - Epoch [25/50] Train Acc: 99.53% (CE: 0.0151, KD: 0.4037) | Val Loss: 0.5244 Acc: 87.80%
2026-05-20 11:22:30 - Epoch [26/50] Train Acc: 99.55% (CE: 0.0152, KD: 0.4118) | Val Loss: 0.5735 Acc: 86.60%
2026-05-20 11:23:22 - Epoch [27/50] Train Acc: 99.75% (CE: 0.0094, KD: 0.3488) | Val Loss: 0.5896 Acc: 86.10%
2026-05-20 11:24:15 - Epoch [28/50] Train Acc: 99.80% (CE: 0.0073, KD: 0.3514) | Val Loss: 0.5949 Acc: 86.80%
2026-05-20 11:25:08 - Epoch [29/50] Train Acc: 99.70% (CE: 0.0104, KD: 0.3565) | Val Loss: 0.6259 Acc: 86.20%
2026-05-20 11:26:01 - Epoch [30/50] Train Acc: 99.83% (CE: 0.0051, KD: 0.3127) | Val Loss: 0.5896 Acc: 87.40%
2026-05-20 11:26:53 - Epoch [31/50] Train Acc: 99.65% (CE: 0.0096, KD: 0.3352) | Val Loss: 0.5730 Acc: 86.40%
2026-05-20 11:27:45 - Epoch [32/50] Train Acc: 99.75% (CE: 0.0081, KD: 0.3267) | Val Loss: 0.6317 Acc: 86.50%
2026-05-20 11:28:37 - Epoch [33/50] Train Acc: 99.72% (CE: 0.0099, KD: 0.3240) | Val Loss: 0.6190 Acc: 85.70%
2026-05-20 11:29:30 - Epoch [34/50] Train Acc: 99.85% (CE: 0.0059, KD: 0.2748) | Val Loss: 0.5563 Acc: 86.80%
2026-05-20 11:30:21 - Epoch [35/50] Train Acc: 99.42% (CE: 0.0173, KD: 0.3650) | Val Loss: 0.6422 Acc: 85.70%
2026-05-20 11:31:13 - Epoch [36/50] Train Acc: 99.47% (CE: 0.0123, KD: 0.3323) | Val Loss: 0.7010 Acc: 86.00%
2026-05-20 11:32:05 - Epoch [37/50] Train Acc: 99.97% (CE: 0.0026, KD: 0.2504) | Val Loss: 0.6351 Acc: 85.50%
2026-05-20 11:32:58 - Epoch [38/50] Train Acc: 99.90% (CE: 0.0032, KD: 0.2333) | Val Loss: 0.5912 Acc: 87.50%
2026-05-20 11:33:51 - Epoch [39/50] Train Acc: 99.90% (CE: 0.0036, KD: 0.2640) | Val Loss: 0.5829 Acc: 87.40%
2026-05-20 11:34:42 - Epoch [40/50] Train Acc: 99.70% (CE: 0.0077, KD: 0.2658) | Val Loss: 0.5807 Acc: 87.40%
2026-05-20 11:35:34 - Epoch [41/50] Train Acc: 99.92% (CE: 0.0028, KD: 0.2156) | Val Loss: 0.6138 Acc: 85.40%
2026-05-20 11:36:26 - Epoch [42/50] Train Acc: 99.95% (CE: 0.0024, KD: 0.2235) | Val Loss: 0.5472 Acc: 88.50%
2026-05-20 11:37:18 - Epoch [43/50] Train Acc: 99.88% (CE: 0.0057, KD: 0.2407) | Val Loss: 0.6170 Acc: 86.70%
2026-05-20 11:38:09 - Epoch [44/50] Train Acc: 99.85% (CE: 0.0058, KD: 0.2415) | Val Loss: 0.6366 Acc: 86.10%
2026-05-20 11:39:00 - Epoch [45/50] Train Acc: 99.92% (CE: 0.0050, KD: 0.2394) | Val Loss: 0.6434 Acc: 87.10%
2026-05-20 11:39:52 - Epoch [46/50] Train Acc: 99.65% (CE: 0.0106, KD: 0.2464) | Val Loss: 0.6387 Acc: 86.50%
2026-05-20 11:40:45 - Epoch [47/50] Train Acc: 99.70% (CE: 0.0073, KD: 0.2653) | Val Loss: 0.5818 Acc: 87.40%
2026-05-20 11:41:36 - Epoch [48/50] Train Acc: 99.90% (CE: 0.0036, KD: 0.1943) | Val Loss: 0.6635 Acc: 85.70%
2026-05-20 11:42:28 - Epoch [49/50] Train Acc: 99.97% (CE: 0.0016, KD: 0.1934) | Val Loss: 0.6104 Acc: 86.10%
2026-05-20 11:43:19 - Epoch [50/50] Train Acc: 99.90% (CE: 0.0029, KD: 0.1956) | Val Loss: 0.5439 Acc: 87.80%
