2026-05-20 10:36:23 - ===========================================
2026-05-20 10:36:23 - Starting MobileNetV3-Small Baseline Training on cuda
2026-05-20 10:36:23 - ===========================================
2026-05-20 10:36:23 - Loaded 4000 Train images and 1000 Val images.
2026-05-20 10:36:23 - Loading pre-trained MobileNetV3-Small model...
2026-05-20 10:44:21 - Epoch [01/50] Train Loss: 0.9255 Acc: 65.90% | Val Loss: 0.6785 Acc: 73.40%
2026-05-20 10:44:21 -  >>> New best model saved to 研究拓展/CLIP+ResNet/KD_MobileNetV3/原始模型/MobileNetV3/checkpoints/(Acc_73.40%)_mobilenetv3_baseline_best.pth (Acc: 73.40%)
2026-05-20 10:45:12 - Epoch [02/50] Train Loss: 0.4512 Acc: 83.55% | Val Loss: 0.4167 Acc: 85.30%
2026-05-20 10:45:12 -  >>> New best model saved to 研究拓展/CLIP+ResNet/KD_MobileNetV3/原始模型/MobileNetV3/checkpoints/(Acc_85.30%)_mobilenetv3_baseline_best.pth (Acc: 85.30%)
2026-05-20 10:46:03 - Epoch [03/50] Train Loss: 0.3556 Acc: 86.88% | Val Loss: 0.3687 Acc: 85.20%
2026-05-20 10:46:55 - Epoch [04/50] Train Loss: 0.2847 Acc: 89.80% | Val Loss: 0.3435 Acc: 87.00%
2026-05-20 10:46:55 -  >>> New best model saved to 研究拓展/CLIP+ResNet/KD_MobileNetV3/原始模型/MobileNetV3/checkpoints/(Acc_87.00%)_mobilenetv3_baseline_best.pth (Acc: 87.00%)
2026-05-20 10:47:46 - Epoch [05/50] Train Loss: 0.2350 Acc: 91.12% | Val Loss: 0.3470 Acc: 86.90%
2026-05-20 10:48:38 - Epoch [06/50] Train Loss: 0.1821 Acc: 93.65% | Val Loss: 0.3618 Acc: 86.80%
2026-05-20 10:49:30 - Epoch [07/50] Train Loss: 0.1429 Acc: 95.30% | Val Loss: 0.4070 Acc: 85.20%
2026-05-20 10:50:21 - Epoch [08/50] Train Loss: 0.1276 Acc: 95.60% | Val Loss: 0.3764 Acc: 87.30%
2026-05-20 10:50:21 -  >>> New best model saved to 研究拓展/CLIP+ResNet/KD_MobileNetV3/原始模型/MobileNetV3/checkpoints/(Acc_87.30%)_mobilenetv3_baseline_best.pth (Acc: 87.30%)
2026-05-20 10:51:12 - Epoch [09/50] Train Loss: 0.1060 Acc: 96.30% | Val Loss: 0.4316 Acc: 86.10%
2026-05-20 10:52:03 - Epoch [10/50] Train Loss: 0.0808 Acc: 97.47% | Val Loss: 0.4485 Acc: 84.60%
2026-05-20 10:52:54 - Epoch [11/50] Train Loss: 0.0681 Acc: 97.97% | Val Loss: 0.4315 Acc: 87.30%
2026-05-20 10:53:45 - Epoch [12/50] Train Loss: 0.0569 Acc: 98.12% | Val Loss: 0.4577 Acc: 86.00%
2026-05-20 10:54:37 - Epoch [13/50] Train Loss: 0.0414 Acc: 98.97% | Val Loss: 0.4561 Acc: 85.80%
2026-05-20 10:55:29 - Epoch [14/50] Train Loss: 0.0517 Acc: 98.22% | Val Loss: 0.5389 Acc: 84.40%
2026-05-20 10:56:20 - Epoch [15/50] Train Loss: 0.0425 Acc: 98.70% | Val Loss: 0.4914 Acc: 86.00%
2026-05-20 10:57:11 - Epoch [16/50] Train Loss: 0.0361 Acc: 98.83% | Val Loss: 0.5105 Acc: 86.00%
2026-05-20 10:58:02 - Epoch [17/50] Train Loss: 0.0322 Acc: 99.03% | Val Loss: 0.5727 Acc: 85.90%
2026-05-20 10:58:54 - Epoch [18/50] Train Loss: 0.0283 Acc: 99.08% | Val Loss: 0.5427 Acc: 84.70%
2026-05-20 10:59:45 - Epoch [19/50] Train Loss: 0.0264 Acc: 99.20% | Val Loss: 0.5682 Acc: 84.80%
2026-05-20 11:00:37 - Epoch [20/50] Train Loss: 0.0204 Acc: 99.28% | Val Loss: 0.5130 Acc: 86.00%
2026-05-20 11:01:30 - Epoch [21/50] Train Loss: 0.0284 Acc: 99.10% | Val Loss: 0.6005 Acc: 84.70%
2026-05-20 11:02:21 - Epoch [22/50] Train Loss: 0.0298 Acc: 99.10% | Val Loss: 0.5503 Acc: 86.00%
2026-05-20 11:03:13 - Epoch [23/50] Train Loss: 0.0217 Acc: 99.38% | Val Loss: 0.6173 Acc: 84.90%
2026-05-20 11:04:05 - Epoch [24/50] Train Loss: 0.0211 Acc: 99.42% | Val Loss: 0.6397 Acc: 85.00%
2026-05-20 11:04:57 - Epoch [25/50] Train Loss: 0.0259 Acc: 99.10% | Val Loss: 0.7039 Acc: 84.70%
2026-05-20 11:05:49 - Epoch [26/50] Train Loss: 0.0237 Acc: 99.33% | Val Loss: 0.6351 Acc: 84.40%
2026-05-20 11:06:41 - Epoch [27/50] Train Loss: 0.0203 Acc: 99.30% | Val Loss: 0.6939 Acc: 84.20%
2026-05-20 11:07:33 - Epoch [28/50] Train Loss: 0.0141 Acc: 99.60% | Val Loss: 0.6258 Acc: 85.10%
2026-05-20 11:08:24 - Epoch [29/50] Train Loss: 0.0161 Acc: 99.47% | Val Loss: 0.6986 Acc: 85.80%
2026-05-20 11:09:16 - Epoch [30/50] Train Loss: 0.0140 Acc: 99.67% | Val Loss: 0.6655 Acc: 85.50%
2026-05-20 11:10:08 - Epoch [31/50] Train Loss: 0.0123 Acc: 99.62% | Val Loss: 0.6244 Acc: 85.50%
2026-05-20 11:10:59 - Epoch [32/50] Train Loss: 0.0186 Acc: 99.35% | Val Loss: 0.8031 Acc: 81.70%
2026-05-20 11:11:51 - Epoch [33/50] Train Loss: 0.0252 Acc: 99.12% | Val Loss: 0.7106 Acc: 84.10%
2026-05-20 11:12:43 - Epoch [34/50] Train Loss: 0.0199 Acc: 99.47% | Val Loss: 0.6802 Acc: 84.90%
2026-05-20 11:13:35 - Epoch [35/50] Train Loss: 0.0109 Acc: 99.75% | Val Loss: 0.6844 Acc: 84.90%
2026-05-20 11:14:27 - Epoch [36/50] Train Loss: 0.0129 Acc: 99.55% | Val Loss: 0.6513 Acc: 84.50%
2026-05-20 11:15:19 - Epoch [37/50] Train Loss: 0.0091 Acc: 99.70% | Val Loss: 0.6874 Acc: 85.40%
2026-05-20 11:16:11 - Epoch [38/50] Train Loss: 0.0167 Acc: 99.38% | Val Loss: 0.7090 Acc: 86.10%
2026-05-20 11:17:03 - Epoch [39/50] Train Loss: 0.0124 Acc: 99.60% | Val Loss: 0.7734 Acc: 85.50%
2026-05-20 11:17:55 - Epoch [40/50] Train Loss: 0.0139 Acc: 99.58% | Val Loss: 0.7406 Acc: 86.00%
2026-05-20 11:18:47 - Epoch [41/50] Train Loss: 0.0183 Acc: 99.42% | Val Loss: 0.8209 Acc: 83.70%
2026-05-20 11:19:39 - Epoch [42/50] Train Loss: 0.0118 Acc: 99.70% | Val Loss: 0.6835 Acc: 86.00%
2026-05-20 11:20:31 - Epoch [43/50] Train Loss: 0.0080 Acc: 99.78% | Val Loss: 0.7028 Acc: 86.10%
2026-05-20 11:21:24 - Epoch [44/50] Train Loss: 0.0092 Acc: 99.62% | Val Loss: 0.7221 Acc: 85.40%
2026-05-20 11:22:17 - Epoch [45/50] Train Loss: 0.0090 Acc: 99.80% | Val Loss: 0.7278 Acc: 86.00%
2026-05-20 11:23:08 - Epoch [46/50] Train Loss: 0.0142 Acc: 99.65% | Val Loss: 0.8045 Acc: 84.80%
2026-05-20 11:24:01 - Epoch [47/50] Train Loss: 0.0101 Acc: 99.72% | Val Loss: 0.7970 Acc: 85.70%
2026-05-20 11:24:53 - Epoch [48/50] Train Loss: 0.0091 Acc: 99.75% | Val Loss: 0.7662 Acc: 85.40%
2026-05-20 11:25:45 - Epoch [49/50] Train Loss: 0.0120 Acc: 99.62% | Val Loss: 0.8205 Acc: 83.80%
2026-05-20 11:26:37 - Epoch [50/50] Train Loss: 0.0137 Acc: 99.55% | Val Loss: 0.8611 Acc: 84.20%
